[2021-09-10 14:30:34,675] parameterConfigSelectApi.py->paramConfigQuery line:21 [INFO]paramConfigQuery ---->start!
[2021-09-10 14:30:34,816] parameterConfigSelectApi.py->paramConfigQuery line:35 [INFO]paramConfigQuery ---->end!
[2021-09-10 14:30:34,846] productGetDijiaApi.py->productDetDiJia line:20 [INFO]productGenDijia ---->start!
[2021-09-10 14:30:35,108] productGetDijiaApi.py->productDetDiJia line:38 [INFO]productGenDijia ---->end!
[2021-09-10 14:30:35,118] productGetTongkuanApi.py->productGetTongkuan line:20 [INFO]productGetTongkuan ---->start!
[2021-09-10 14:30:35,286] productGetTongkuanApi.py->productGetTongkuan line:43 [INFO]productGetTongkuan ---->end!
[2021-09-10 14:30:35,303] parameterConfigSaveApi.py->paramConfigFunction line:19 [INFO]paramConfigFunction ---->start!
[2021-09-10 14:30:35,436] parameterConfigSaveApi.py->paramConfigFunction line:41 [INFO]paramConfigFunction ---->end!
[2021-09-10 14:30:35,436] parameterConfigSaveApi.py->paramConfigFunction line:19 [INFO]paramConfigFunction ---->start!
[2021-09-10 14:30:35,562] parameterConfigSaveApi.py->paramConfigFunction line:41 [INFO]paramConfigFunction ---->end!
[2021-09-10 14:30:35,562] parameterConfigSelectApi.py->paramConfigQuery line:21 [INFO]paramConfigQuery ---->start!
[2021-09-10 14:30:35,672] parameterConfigSelectApi.py->paramConfigQuery line:35 [INFO]paramConfigQuery ---->end!
[2021-09-10 14:30:35,751] productGetDijiaApi.py->productDetDiJia line:20 [INFO]productGenDijia ---->start!
[2021-09-10 14:30:35,932] productGetDijiaApi.py->productDetDiJia line:38 [INFO]productGenDijia ---->end!
[2021-09-10 14:30:35,956] productGetTongkuanApi.py->productGetTongkuan line:20 [INFO]productGetTongkuan ---->start!
[2021-09-10 14:30:36,146] productGetTongkuanApi.py->productGetTongkuan line:43 [INFO]productGetTongkuan ---->end!
[2021-09-10 15:50:39,455] parameterConfigSelectApi.py->paramConfigQuery line:21 [INFO]paramConfigQuery ---->start!
[2021-09-10 15:50:39,579] parameterConfigSelectApi.py->paramConfigQuery line:35 [INFO]paramConfigQuery ---->end!
[2021-09-10 15:50:39,619] productGetDijiaApi.py->productDetDiJia line:20 [INFO]productGenDijia ---->start!
[2021-09-10 15:50:39,889] productGetDijiaApi.py->productDetDiJia line:38 [INFO]productGenDijia ---->end!
[2021-09-10 15:50:39,900] productGetTongkuanApi.py->productGetTongkuan line:20 [INFO]productGetTongkuan ---->start!
[2021-09-10 15:50:40,097] productGetTongkuanApi.py->productGetTongkuan line:43 [INFO]productGetTongkuan ---->end!
[2021-09-10 15:50:40,118] parameterConfigSaveApi.py->paramConfigFunction line:19 [INFO]paramConfigFunction ---->start!
[2021-09-10 15:50:40,228] parameterConfigSaveApi.py->paramConfigFunction line:41 [INFO]paramConfigFunction ---->end!
[2021-09-10 15:50:40,228] parameterConfigSaveApi.py->paramConfigFunction line:19 [INFO]paramConfigFunction ---->start!
[2021-09-10 15:50:40,341] parameterConfigSaveApi.py->paramConfigFunction line:41 [INFO]paramConfigFunction ---->end!
[2021-09-10 15:50:40,341] parameterConfigSelectApi.py->paramConfigQuery line:21 [INFO]paramConfigQuery ---->start!
[2021-09-10 15:50:40,457] parameterConfigSelectApi.py->paramConfigQuery line:35 [INFO]paramConfigQuery ---->end!
[2021-09-10 15:50:40,573] productGetDijiaApi.py->productDetDiJia line:20 [INFO]productGenDijia ---->start!
[2021-09-10 15:50:40,753] productGetDijiaApi.py->productDetDiJia line:38 [INFO]productGenDijia ---->end!
[2021-09-10 15:50:40,780] productGetTongkuanApi.py->productGetTongkuan line:20 [INFO]productGetTongkuan ---->start!
[2021-09-10 15:50:40,957] productGetTongkuanApi.py->productGetTongkuan line:43 [INFO]productGetTongkuan ---->end!
[2021-09-10 15:53:14,771] parameterConfigSelectApi.py->paramConfigQuery line:21 [INFO]paramConfigQuery ---->start!
[2021-09-10 15:53:14,931] parameterConfigSelectApi.py->paramConfigQuery line:35 [INFO]paramConfigQuery ---->end!
[2021-09-10 15:53:14,954] productGetDijiaApi.py->productDetDiJia line:20 [INFO]productGenDijia ---->start!
[2021-09-10 15:53:15,205] productGetDijiaApi.py->productDetDiJia line:38 [INFO]productGenDijia ---->end!
[2021-09-10 15:53:15,214] productGetTongkuanApi.py->productGetTongkuan line:20 [INFO]productGetTongkuan ---->start!
[2021-09-10 15:53:15,371] productGetTongkuanApi.py->productGetTongkuan line:43 [INFO]productGetTongkuan ---->end!
[2021-09-10 15:53:15,382] parameterConfigSaveApi.py->paramConfigFunction line:19 [INFO]paramConfigFunction ---->start!
[2021-09-10 15:53:15,493] parameterConfigSaveApi.py->paramConfigFunction line:41 [INFO]paramConfigFunction ---->end!
[2021-09-10 15:53:15,493] parameterConfigSaveApi.py->paramConfigFunction line:19 [INFO]paramConfigFunction ---->start!
[2021-09-10 15:53:15,624] parameterConfigSaveApi.py->paramConfigFunction line:41 [INFO]paramConfigFunction ---->end!
[2021-09-10 15:53:15,624] parameterConfigSelectApi.py->paramConfigQuery line:21 [INFO]paramConfigQuery ---->start!
[2021-09-10 15:53:15,722] parameterConfigSelectApi.py->paramConfigQuery line:35 [INFO]paramConfigQuery ---->end!
[2021-09-10 15:53:15,807] productGetDijiaApi.py->productDetDiJia line:20 [INFO]productGenDijia ---->start!
[2021-09-10 15:53:16,004] productGetDijiaApi.py->productDetDiJia line:38 [INFO]productGenDijia ---->end!
[2021-09-10 15:53:16,046] productGetTongkuanApi.py->productGetTongkuan line:20 [INFO]productGetTongkuan ---->start!
[2021-09-10 15:53:16,217] productGetTongkuanApi.py->productGetTongkuan line:43 [INFO]productGetTongkuan ---->end!
[2021-09-10 15:56:57,825] parameterConfigSelectApi.py->paramConfigQuery line:21 [INFO]paramConfigQuery ---->start!
[2021-09-10 15:56:57,958] parameterConfigSelectApi.py->paramConfigQuery line:35 [INFO]paramConfigQuery ---->end!
[2021-09-10 15:56:57,988] productGetDijiaApi.py->productDetDiJia line:20 [INFO]productGenDijia ---->start!
[2021-09-10 15:56:58,223] productGetDijiaApi.py->productDetDiJia line:38 [INFO]productGenDijia ---->end!
[2021-09-10 15:56:58,243] productGetTongkuanApi.py->productGetTongkuan line:20 [INFO]productGetTongkuan ---->start!
[2021-09-10 15:56:58,400] productGetTongkuanApi.py->productGetTongkuan line:43 [INFO]productGetTongkuan ---->end!
[2021-09-10 15:56:58,422] parameterConfigSaveApi.py->paramConfigFunction line:19 [INFO]paramConfigFunction ---->start!
[2021-09-10 15:56:58,517] parameterConfigSaveApi.py->paramConfigFunction line:41 [INFO]paramConfigFunction ---->end!
[2021-09-10 15:56:58,517] parameterConfigSaveApi.py->paramConfigFunction line:19 [INFO]paramConfigFunction ---->start!
[2021-09-10 15:56:58,634] parameterConfigSaveApi.py->paramConfigFunction line:41 [INFO]paramConfigFunction ---->end!
[2021-09-10 15:56:58,634] parameterConfigSelectApi.py->paramConfigQuery line:21 [INFO]paramConfigQuery ---->start!
[2021-09-10 15:56:58,711] parameterConfigSelectApi.py->paramConfigQuery line:35 [INFO]paramConfigQuery ---->end!
[2021-09-10 15:56:58,796] productGetDijiaApi.py->productDetDiJia line:20 [INFO]productGenDijia ---->start!
[2021-09-10 15:56:58,970] productGetDijiaApi.py->productDetDiJia line:38 [INFO]productGenDijia ---->end!
[2021-09-10 15:56:58,982] productGetTongkuanApi.py->productGetTongkuan line:20 [INFO]productGetTongkuan ---->start!
[2021-09-10 15:56:59,144] productGetTongkuanApi.py->productGetTongkuan line:43 [INFO]productGetTongkuan ---->end!
