[2021-09-13 17:03:55,835] parameterConfigSelectApi.py->paramConfigQuery line:21 [INFO]paramConfigQuery ---->start!
[2021-09-13 17:03:55,988] parameterConfigSelectApi.py->paramConfigQuery line:35 [INFO]paramConfigQuery ---->end!
[2021-09-13 17:03:56,007] productGetDijiaApi.py->productDetDiJia line:20 [INFO]productGenDijia ---->start!
[2021-09-13 17:03:56,269] productGetDijiaApi.py->productDetDiJia line:38 [INFO]productGenDijia ---->end!
[2021-09-13 17:03:56,279] productGetTongkuanApi.py->productGetTongkuan line:20 [INFO]productGetTongkuan ---->start!
[2021-09-13 17:03:56,453] productGetTongkuanApi.py->productGetTongkuan line:43 [INFO]productGetTongkuan ---->end!
[2021-09-13 17:03:56,479] parameterConfigSaveApi.py->paramConfigFunction line:19 [INFO]paramConfigFunction ---->start!
[2021-09-13 17:03:56,621] parameterConfigSaveApi.py->paramConfigFunction line:41 [INFO]paramConfigFunction ---->end!
[2021-09-13 17:03:56,621] parameterConfigSaveApi.py->paramConfigFunction line:19 [INFO]paramConfigFunction ---->start!
[2021-09-13 17:03:56,742] parameterConfigSaveApi.py->paramConfigFunction line:41 [INFO]paramConfigFunction ---->end!
[2021-09-13 17:03:56,743] parameterConfigSelectApi.py->paramConfigQuery line:21 [INFO]paramConfigQuery ---->start!
[2021-09-13 17:03:56,852] parameterConfigSelectApi.py->paramConfigQuery line:35 [INFO]paramConfigQuery ---->end!
[2021-09-13 17:03:56,941] productGetDijiaApi.py->productDetDiJia line:20 [INFO]productGenDijia ---->start!
[2021-09-13 17:03:57,147] productGetDijiaApi.py->productDetDiJia line:38 [INFO]productGenDijia ---->end!
[2021-09-13 17:03:57,213] productGetTongkuanApi.py->productGetTongkuan line:20 [INFO]productGetTongkuan ---->start!
[2021-09-13 17:03:57,428] productGetTongkuanApi.py->productGetTongkuan line:43 [INFO]productGetTongkuan ---->end!
[2021-09-13 17:08:13,889] parameterConfigSelectApi.py->paramConfigQuery line:21 [INFO]paramConfigQuery ---->start!
[2021-09-13 17:08:13,991] parameterConfigSelectApi.py->paramConfigQuery line:35 [INFO]paramConfigQuery ---->end!
[2021-09-13 17:08:14,008] productGetDijiaApi.py->productDetDiJia line:20 [INFO]productGenDijia ---->start!
[2021-09-13 17:08:14,264] productGetDijiaApi.py->productDetDiJia line:38 [INFO]productGenDijia ---->end!
[2021-09-13 17:08:14,274] productGetTongkuanApi.py->productGetTongkuan line:20 [INFO]productGetTongkuan ---->start!
[2021-09-13 17:08:14,447] productGetTongkuanApi.py->productGetTongkuan line:43 [INFO]productGetTongkuan ---->end!
[2021-09-13 17:08:14,456] parameterConfigSaveApi.py->paramConfigFunction line:19 [INFO]paramConfigFunction ---->start!
[2021-09-13 17:08:14,569] parameterConfigSaveApi.py->paramConfigFunction line:41 [INFO]paramConfigFunction ---->end!
[2021-09-13 17:08:14,569] parameterConfigSaveApi.py->paramConfigFunction line:19 [INFO]paramConfigFunction ---->start!
[2021-09-13 17:08:14,671] parameterConfigSaveApi.py->paramConfigFunction line:41 [INFO]paramConfigFunction ---->end!
[2021-09-13 17:08:14,671] parameterConfigSelectApi.py->paramConfigQuery line:21 [INFO]paramConfigQuery ---->start!
[2021-09-13 17:08:14,764] parameterConfigSelectApi.py->paramConfigQuery line:35 [INFO]paramConfigQuery ---->end!
[2021-09-13 17:08:14,841] productGetDijiaApi.py->productDetDiJia line:20 [INFO]productGenDijia ---->start!
[2021-09-13 17:08:15,056] productGetDijiaApi.py->productDetDiJia line:38 [INFO]productGenDijia ---->end!
[2021-09-13 17:08:15,092] productGetTongkuanApi.py->productGetTongkuan line:20 [INFO]productGetTongkuan ---->start!
[2021-09-13 17:08:15,265] productGetTongkuanApi.py->productGetTongkuan line:43 [INFO]productGetTongkuan ---->end!
