[2021-09-16 10:11:11,494] tradeMarkListApi.py->tradeMarkListFunction line:19 [INFO]tradeMarkListFunction------------------->start
[2021-09-16 10:11:11,655] tradeMarkListApi.py->tradeMarkListFunction line:41 [INFO]tradeMarkListFunction------------------->end
[2021-09-16 10:30:21,481] brandWordsListApi.py->brandWordsListFunction line:20 [INFO]brandWordsListFunction------------------->start
[2021-09-16 10:30:21,625] brandWordsListApi.py->brandWordsListFunction line:36 [INFO]brandWordsListFunction------------------->end
[2021-09-16 10:39:09,361] brandWordsListApi.py->brandWordsListFunction line:20 [INFO]brandWordsListFunction------------------->start
[2021-09-16 10:39:09,479] brandWordsListApi.py->brandWordsListFunction line:42 [INFO]brandWordsListFunction------------------->end
[2021-09-16 10:39:45,061] brandWordsListApi.py->brandWordsListFunction line:20 [INFO]brandWordsListFunction------------------->start
[2021-09-16 10:39:45,218] brandWordsListApi.py->brandWordsListFunction line:42 [INFO]brandWordsListFunction------------------->end
[2021-09-16 10:51:56,632] queryWipoPageListApi.py->queryWipoPageListFunciton line:20 [INFO]queryWipoPageListFunciton------------------->start
[2021-09-16 10:51:56,929] queryWipoPageListApi.py->queryWipoPageListFunciton line:42 [INFO]queryWipoPageListFunciton------------------->end
[2021-09-16 10:53:02,380] queryWipoPageListApi.py->queryWipoPageListFunciton line:20 [INFO]queryWipoPageListFunciton------------------->start
[2021-09-16 10:53:02,505] queryWipoPageListApi.py->queryWipoPageListFunciton line:42 [INFO]queryWipoPageListFunciton------------------->end
[2021-09-16 10:53:43,250] queryWipoPageListApi.py->queryWipoPageListFunciton line:20 [INFO]queryWipoPageListFunciton------------------->start
[2021-09-16 10:53:43,352] queryWipoPageListApi.py->queryWipoPageListFunciton line:42 [INFO]queryWipoPageListFunciton------------------->end
[2021-09-16 10:54:02,784] queryWipoPageListApi.py->queryWipoPageListFunciton line:20 [INFO]queryWipoPageListFunciton------------------->start
[2021-09-16 10:54:02,925] queryWipoPageListApi.py->queryWipoPageListFunciton line:42 [INFO]queryWipoPageListFunciton------------------->end
[2021-09-16 11:37:19,334] queryJsKwCategoryListApi.py->queryJsKwCategoryListFunction line:20 [INFO]queryJsKwCategoryListFunction------------------->start
[2021-09-16 11:37:19,444] queryJsKwCategoryListApi.py->queryJsKwCategoryListFunction line:37 [INFO]queryJsKwCategoryListFunction------------------->end
[2021-09-16 12:10:09,660] addJSKwCategoryListApi.py->addJSKwCategoryListFunction line:21 [INFO]addJSKwCategoryListFunction------------------->start
[2021-09-16 12:10:24,932] addJSKwCategoryListApi.py->addJSKwCategoryListFunction line:21 [INFO]addJSKwCategoryListFunction------------------->start
[2021-09-16 12:10:25,104] addJSKwCategoryListApi.py->addJSKwCategoryListFunction line:50 [ERROR]addJSKwCategoryListFunction------------->response Data is wrong!
[2021-09-16 12:10:55,726] addJSKwCategoryListApi.py->addJSKwCategoryListFunction line:21 [INFO]addJSKwCategoryListFunction------------------->start
[2021-09-16 12:11:09,035] addJSKwCategoryListApi.py->addJSKwCategoryListFunction line:50 [ERROR]addJSKwCategoryListFunction------------->response Data is wrong!
[2021-09-16 12:12:57,942] tradeMarkListApi.py->tradeMarkListFunction line:19 [INFO]tradeMarkListFunction------------------->start
[2021-09-16 12:12:58,105] tradeMarkListApi.py->tradeMarkListFunction line:41 [INFO]tradeMarkListFunction------------------->end
[2021-09-16 12:13:49,031] addJSKwCategoryListApi.py->addJSKwCategoryListFunction line:21 [INFO]addJSKwCategoryListFunction------------------->start
[2021-09-16 12:13:49,185] addJSKwCategoryListApi.py->addJSKwCategoryListFunction line:50 [ERROR]addJSKwCategoryListFunction------------->response Data is wrong!
[2021-09-16 12:14:10,851] addJSKwCategoryListApi.py->addJSKwCategoryListFunction line:21 [INFO]addJSKwCategoryListFunction------------------->start
[2021-09-16 12:19:55,950] addJSKwCategoryListApi.py->addJSKwCategoryListFunction line:50 [ERROR]addJSKwCategoryListFunction------------->response Data is wrong!
[2021-09-16 12:20:15,725] addJSKwCategoryListApi.py->addJSKwCategoryListFunction line:21 [INFO]addJSKwCategoryListFunction------------------->start
[2021-09-16 12:20:15,863] addJSKwCategoryListApi.py->addJSKwCategoryListFunction line:50 [ERROR]addJSKwCategoryListFunction------------->response Data is wrong!
[2021-09-16 12:21:36,687] addJSKwCategoryListApi.py->addJSKwCategoryListFunction line:21 [INFO]addJSKwCategoryListFunction------------------->start
[2021-09-16 12:21:36,802] addJSKwCategoryListApi.py->addJSKwCategoryListFunction line:50 [ERROR]addJSKwCategoryListFunction------------->response Data is wrong!
[2021-09-16 12:21:58,294] addJSKwCategoryListApi.py->addJSKwCategoryListFunction line:21 [INFO]addJSKwCategoryListFunction------------------->start
[2021-09-16 12:21:58,521] addJSKwCategoryListApi.py->addJSKwCategoryListFunction line:50 [ERROR]addJSKwCategoryListFunction------------->response Data is wrong!
[2021-09-16 12:22:50,171] addJSKwCategoryListApi.py->addJSKwCategoryListFunction line:21 [INFO]addJSKwCategoryListFunction------------------->start
[2021-09-16 12:22:50,289] addJSKwCategoryListApi.py->addJSKwCategoryListFunction line:50 [ERROR]addJSKwCategoryListFunction------------->response Data is wrong!
[2021-09-16 12:40:04,693] addJSKwCategoryListApi.py->addJSKwCategoryListFunction line:21 [INFO]addJSKwCategoryListFunction------------------->start
[2021-09-16 12:41:36,831] addJSKwCategoryListApi.py->addJSKwCategoryListFunction line:50 [ERROR]addJSKwCategoryListFunction------------->response Data is wrong!
[2021-09-16 12:41:42,595] addJSKwCategoryListApi.py->addJSKwCategoryListFunction line:21 [INFO]addJSKwCategoryListFunction------------------->start
[2021-09-16 12:41:42,706] addJSKwCategoryListApi.py->addJSKwCategoryListFunction line:50 [ERROR]addJSKwCategoryListFunction------------->response Data is wrong!
[2021-09-16 12:42:54,500] addJSKwCategoryListApi.py->addJSKwCategoryListFunction line:21 [INFO]addJSKwCategoryListFunction------------------->start
[2021-09-16 12:43:56,756] addJSKwCategoryListApi.py->addJSKwCategoryListFunction line:50 [ERROR]addJSKwCategoryListFunction------------->response Data is wrong!
[2021-09-16 12:44:56,819] brandWordsListApi.py->brandWordsListFunction line:20 [INFO]brandWordsListFunction------------------->start
[2021-09-16 12:44:57,000] brandWordsListApi.py->brandWordsListFunction line:42 [INFO]brandWordsListFunction------------------->end
[2021-09-16 12:48:35,367] addJSKwCategoryListApi.py->addJSKwCategoryListFunction line:21 [INFO]addJSKwCategoryListFunction------------------->start
[2021-09-16 12:48:35,479] addJSKwCategoryListApi.py->addJSKwCategoryListFunction line:50 [ERROR]addJSKwCategoryListFunction------------->response Data is wrong!
[2021-09-16 12:48:45,413] addJSKwCategoryListApi.py->addJSKwCategoryListFunction line:21 [INFO]addJSKwCategoryListFunction------------------->start
[2021-09-16 12:51:28,040] addJSKwCategoryListApi.py->addJSKwCategoryListFunction line:50 [ERROR]addJSKwCategoryListFunction------------->response Data is wrong!
[2021-09-16 12:51:34,422] addJSKwCategoryListApi.py->addJSKwCategoryListFunction line:21 [INFO]addJSKwCategoryListFunction------------------->start
[2021-09-16 12:51:34,544] addJSKwCategoryListApi.py->addJSKwCategoryListFunction line:50 [ERROR]addJSKwCategoryListFunction------------->response Data is wrong!
[2021-09-16 12:53:29,345] addJSKwCategoryListApi.py->addJSKwCategoryListFunction line:21 [INFO]addJSKwCategoryListFunction------------------->start
[2021-09-16 12:53:29,554] addJSKwCategoryListApi.py->addJSKwCategoryListFunction line:50 [ERROR]addJSKwCategoryListFunction------------->response Data is wrong!
[2021-09-16 12:54:12,133] addJSKwCategoryListApi.py->addJSKwCategoryListFunction line:21 [INFO]addJSKwCategoryListFunction------------------->start
[2021-09-16 12:54:12,269] addJSKwCategoryListApi.py->addJSKwCategoryListFunction line:50 [ERROR]addJSKwCategoryListFunction------------->response Data is wrong!
[2021-09-16 15:24:21,544] queryJsKwRuleListApi.py->queryJsKwRuleListFunction line:20 [INFO]queryJsKwRuleListFunction------------------->start
[2021-09-16 15:24:21,717] queryJsKwRuleListApi.py->queryJsKwRuleListFunction line:42 [INFO]queryJsKwRuleListFunction------------------->end
[2021-09-16 15:36:38,815] queryJsKwPageListApi.py->queryJsKwPageListFunction line:19 [INFO]queryJsKwPageListFunction------------------->start
[2021-09-16 15:37:14,888] queryJsKwPageListApi.py->queryJsKwPageListFunction line:19 [INFO]queryJsKwPageListFunction------------------->start
[2021-09-16 15:39:21,332] queryJsKwPageListApi.py->queryJsKwPageListFunction line:19 [INFO]queryJsKwPageListFunction------------------->start
[2021-09-16 15:39:21,434] queryJsKwPageListApi.py->queryJsKwPageListFunction line:41 [INFO]queryJsKwPageListFunction------------------->end
