[2021-09-15 15:30:09,882] addCategoryTaskListApi.py->addCategoryTaskListFunction line:20 [INFO]addCategoryTaskListFunction------------------->start
[2021-09-15 15:30:10,077] addCategoryTaskListApi.py->addCategoryTaskListFunction line:54 [ERROR]addCategoryTaskListFunction------------->response Data is wrong!
[2021-09-15 15:32:14,878] addKeywordsTaskListApi.py->addKeywordsTaskListFunction line:19 [INFO]addKeywordsTaskListFunction------------------->start
[2021-09-15 15:32:15,048] addKeywordsTaskListApi.py->addKeywordsTaskListFunction line:46 [ERROR]addKeywordsTaskListFunction------------->response Data is wrong!
[2021-09-15 15:32:29,754] addCategoryTaskListApi.py->addCategoryTaskListFunction line:20 [INFO]addCategoryTaskListFunction------------------->start
[2021-09-15 15:32:30,141] addCategoryTaskListApi.py->addCategoryTaskListFunction line:54 [ERROR]addCategoryTaskListFunction------------->response Data is wrong!
[2021-09-15 15:32:41,648] addKeywordsTaskListApi.py->addKeywordsTaskListFunction line:19 [INFO]addKeywordsTaskListFunction------------------->start
[2021-09-15 15:32:41,935] addKeywordsTaskListApi.py->addKeywordsTaskListFunction line:46 [ERROR]addKeywordsTaskListFunction------------->response Data is wrong!
[2021-09-15 15:36:04,436] addKeywordsTaskListApi.py->addKeywordsTaskListFunction line:20 [INFO]addKeywordsTaskListFunction------------------->start
[2021-09-15 15:36:04,668] addKeywordsTaskListApi.py->addKeywordsTaskListFunction line:47 [ERROR]addKeywordsTaskListFunction------------->response Data is wrong!
[2021-09-15 15:37:20,963] addKeywordsTaskListApi.py->addKeywordsTaskListFunction line:20 [INFO]addKeywordsTaskListFunction------------------->start
[2021-09-15 15:37:21,078] addKeywordsTaskListApi.py->addKeywordsTaskListFunction line:47 [ERROR]addKeywordsTaskListFunction------------->response Data is wrong!
[2021-09-15 15:42:35,735] addKeywordsTaskListApi.py->addKeywordsTaskListFunction line:20 [INFO]addKeywordsTaskListFunction------------------->start
[2021-09-15 15:43:47,407] addKeywordsTaskListApi.py->addKeywordsTaskListFunction line:47 [ERROR]addKeywordsTaskListFunction------------->response Data is wrong!
[2021-09-15 15:44:22,637] addKeywordsTaskListApi.py->addKeywordsTaskListFunction line:20 [INFO]addKeywordsTaskListFunction------------------->start
[2021-09-15 15:44:44,933] addKeywordsTaskListApi.py->addKeywordsTaskListFunction line:48 [ERROR]addKeywordsTaskListFunction------------->response Data is wrong!
[2021-09-15 15:46:58,333] addKeywordsTaskListApi.py->addKeywordsTaskListFunction line:20 [INFO]addKeywordsTaskListFunction------------------->start
[2021-09-15 15:47:08,471] addKeywordsTaskListApi.py->addKeywordsTaskListFunction line:20 [INFO]addKeywordsTaskListFunction------------------->start
[2021-09-15 15:47:22,281] addKeywordsTaskListApi.py->addKeywordsTaskListFunction line:20 [INFO]addKeywordsTaskListFunction------------------->start
[2021-09-15 15:47:52,164] addKeywordsTaskListApi.py->addKeywordsTaskListFunction line:20 [INFO]addKeywordsTaskListFunction------------------->start
[2021-09-15 15:47:52,307] addKeywordsTaskListApi.py->addKeywordsTaskListFunction line:47 [ERROR]addKeywordsTaskListFunction------------->response Data is wrong!
[2021-09-15 15:48:06,165] addKeywordsTaskListApi.py->addKeywordsTaskListFunction line:20 [INFO]addKeywordsTaskListFunction------------------->start
[2021-09-15 15:48:06,330] addKeywordsTaskListApi.py->addKeywordsTaskListFunction line:47 [ERROR]addKeywordsTaskListFunction------------->response Data is wrong!
[2021-09-15 15:48:34,151] addKeywordsTaskListApi.py->addKeywordsTaskListFunction line:20 [INFO]addKeywordsTaskListFunction------------------->start
[2021-09-15 15:48:34,354] addKeywordsTaskListApi.py->addKeywordsTaskListFunction line:47 [ERROR]addKeywordsTaskListFunction------------->response Data is wrong!
[2021-09-15 15:50:20,313] addKeywordsTaskListApi.py->addKeywordsTaskListFunction line:20 [INFO]addKeywordsTaskListFunction------------------->start
[2021-09-15 15:50:20,446] addKeywordsTaskListApi.py->addKeywordsTaskListFunction line:47 [ERROR]addKeywordsTaskListFunction------------->response Data is wrong!
[2021-09-15 15:50:35,427] addKeywordsTaskListApi.py->addKeywordsTaskListFunction line:20 [INFO]addKeywordsTaskListFunction------------------->start
[2021-09-15 15:50:35,635] addKeywordsTaskListApi.py->addKeywordsTaskListFunction line:47 [ERROR]addKeywordsTaskListFunction------------->response Data is wrong!
[2021-09-15 15:51:05,691] addKeywordsTaskListApi.py->addKeywordsTaskListFunction line:20 [INFO]addKeywordsTaskListFunction------------------->start
[2021-09-15 15:51:05,844] addKeywordsTaskListApi.py->addKeywordsTaskListFunction line:47 [ERROR]addKeywordsTaskListFunction------------->response Data is wrong!
[2021-09-15 15:51:28,037] addKeywordsTaskListApi.py->addKeywordsTaskListFunction line:20 [INFO]addKeywordsTaskListFunction------------------->start
[2021-09-15 15:51:28,255] addKeywordsTaskListApi.py->addKeywordsTaskListFunction line:47 [ERROR]addKeywordsTaskListFunction------------->response Data is wrong!
[2021-09-15 17:19:41,364] unenableTaskListApi.py->unenableTaskListFunction line:18 [INFO]unenableTaskListFunction------------------->start
[2021-09-15 17:19:41,487] unenableTaskListApi.py->unenableTaskListFunction line:39 [ERROR]unenableTaskListFunction------------->response Data is wrong!
[2021-09-15 17:19:59,802] unenableTaskListApi.py->unenableTaskListFunction line:18 [INFO]unenableTaskListFunction------------------->start
[2021-09-15 17:19:59,919] unenableTaskListApi.py->unenableTaskListFunction line:39 [ERROR]unenableTaskListFunction------------->response Data is wrong!
[2021-09-15 17:20:15,747] unenableTaskListApi.py->unenableTaskListFunction line:18 [INFO]unenableTaskListFunction------------------->start
[2021-09-15 17:20:15,923] unenableTaskListApi.py->unenableTaskListFunction line:39 [ERROR]unenableTaskListFunction------------->response Data is wrong!
[2021-09-15 17:20:26,232] unenableTaskListApi.py->unenableTaskListFunction line:18 [INFO]unenableTaskListFunction------------------->start
[2021-09-15 17:20:26,385] unenableTaskListApi.py->unenableTaskListFunction line:39 [ERROR]unenableTaskListFunction------------->response Data is wrong!
[2021-09-15 17:25:49,588] enableTaskListApi.py->enableTaskListFunction line:19 [INFO]enableTaskListFunction------------------->start
[2021-09-15 17:26:23,396] unenableTaskListApi.py->unenableTaskListFunction line:18 [INFO]unenableTaskListFunction------------------->start
[2021-09-15 17:26:56,755] unenableTaskListApi.py->unenableTaskListFunction line:18 [INFO]unenableTaskListFunction------------------->start
[2021-09-15 17:26:56,926] unenableTaskListApi.py->unenableTaskListFunction line:39 [ERROR]unenableTaskListFunction------------->response Data is wrong!
[2021-09-15 17:27:04,109] enableTaskListApi.py->enableTaskListFunction line:19 [INFO]enableTaskListFunction------------------->start
[2021-09-15 17:27:12,229] enableTaskListApi.py->enableTaskListFunction line:19 [INFO]enableTaskListFunction------------------->start
[2021-09-15 17:27:12,354] enableTaskListApi.py->enableTaskListFunction line:40 [ERROR]enableTaskListFunction------------->response Data is wrong!
[2021-09-15 17:27:37,221] unenableTaskListApi.py->unenableTaskListFunction line:18 [INFO]unenableTaskListFunction------------------->start
[2021-09-15 17:28:06,234] unenableTaskListApi.py->unenableTaskListFunction line:18 [INFO]unenableTaskListFunction------------------->start
[2021-09-15 17:28:06,359] unenableTaskListApi.py->unenableTaskListFunction line:39 [ERROR]unenableTaskListFunction------------->response Data is wrong!
[2021-09-15 17:28:37,297] unenableTaskListApi.py->unenableTaskListFunction line:18 [INFO]unenableTaskListFunction------------------->start
[2021-09-15 17:28:39,595] unenableTaskListApi.py->unenableTaskListFunction line:36 [INFO]unenableTaskListFunction------------------->end
[2021-09-15 17:29:39,631] enableTaskListApi.py->enableTaskListFunction line:19 [INFO]enableTaskListFunction------------------->start
[2021-09-15 17:29:40,996] enableTaskListApi.py->enableTaskListFunction line:37 [INFO]enableTaskListFunction------------------->end
