[2021-08-23 10:34:03,526] productGetDijiaInterface.py->productDetDiJia line:20 [INFO]productGenDijia ---->start!
[2021-08-23 10:35:33,927] productGetDijiaInterface.py->productDetDiJia line:20 [INFO]productGenDijia ---->start!
[2021-08-23 10:50:54,779] productGetTongkuanInterface.py->productGetTongkuan line:22 [INFO]productGetTongkuan ---->start!
[2021-08-23 10:51:40,727] productGetTongkuanInterface.py->productGetTongkuan line:22 [INFO]productGetTongkuan ---->start!
[2021-08-23 14:26:04,948] amazonSelectInterface.py->myDataAmazonSelect line:21 [INFO]queryAmazonRankListing ---->start!
[2021-08-23 14:26:04,948] amazonSelectInterface.py->myDataAmazonSelect line:21 [INFO]queryAmazonRankListing ---->start!
[2021-08-23 14:26:05,286] amazonSelectInterface.py->myDataAmazonSelect line:21 [INFO]queryAmazonRankListing ---->start!
[2021-08-23 14:26:05,286] amazonSelectInterface.py->myDataAmazonSelect line:21 [INFO]queryAmazonRankListing ---->start!
[2021-08-23 14:26:09,787] releaseProductInterface.py->releaseProductInfo line:21 [INFO]releaseProductInfo ---->start!
[2021-08-23 14:26:09,787] releaseProductInterface.py->releaseProductInfo line:21 [INFO]releaseProductInfo ---->start!
[2021-08-23 14:26:13,715] associateSystemSkuInterface.py->associateSystemSku line:21 [INFO]associateSystemSku ---->start!
[2021-08-23 14:26:14,208] associateSystemSkuInterface.py->associateSystemSku line:21 [INFO]associateSystemSku ---->start!
[2021-08-23 14:26:14,357] associateSystemSkuInterface.py->associateSystemSku line:51 [ERROR]associateSystemSku -->response Data is wrong!
[2021-08-23 14:26:17,466] productGetDijiaInterface.py->productDetDiJia line:21 [INFO]productGenDijia ---->start!
[2021-08-23 14:26:21,167] productGetTongkuanInterface.py->productGetTongkuan line:22 [INFO]productGetTongkuan ---->start!
[2021-08-23 14:26:24,234] smtProductSelectInterface.py->smtQueryProductListing line:20 [INFO]smtQueryProductListing ---->start!
[2021-08-23 14:27:46,667] smtProductSelectInterface.py->smtQueryProductListing line:20 [INFO]smtQueryProductListing ---->start!
[2021-08-23 14:28:02,842] smtProductSelectInterface.py->smtQueryProductListing line:20 [INFO]smtQueryProductListing ---->start!
[2021-08-23 14:28:03,154] smtProductSelectInterface.py->smtQueryProductListing line:20 [INFO]smtQueryProductListing ---->start!
[2021-08-23 14:41:58,829] releaseProductInterface.py->releaseProductInfo line:19 [INFO]releaseProductInfo ---->start!
[2021-08-23 14:41:58,829] releaseProductInterface.py->releaseProductInfo line:19 [INFO]releaseProductInfo ---->start!
[2021-08-23 14:42:52,341] releaseProductInterface.py->releaseProductInfo line:19 [INFO]releaseProductInfo ---->start!
[2021-08-23 14:42:52,341] releaseProductInterface.py->releaseProductInfo line:19 [INFO]releaseProductInfo ---->start!
[2021-08-23 14:55:01,540] associateSystemSkuInterface.py->associateSystemSku line:20 [INFO]associateSystemSku ---->start!
[2021-08-23 14:55:01,934] associateSystemSkuInterface.py->associateSystemSku line:20 [INFO]associateSystemSku ---->start!
[2021-08-23 14:55:02,066] associateSystemSkuInterface.py->associateSystemSku line:49 [ERROR]associateSystemSku -->response Data is wrong!
[2021-08-23 15:25:45,948] associateSystemSkuInterface.py->associateSystemSku line:20 [INFO]associateSystemSku ---->start!
[2021-08-23 15:25:46,232] associateSystemSkuInterface.py->associateSystemSku line:20 [INFO]associateSystemSku ---->start!
[2021-08-23 15:25:46,365] associateSystemSkuInterface.py->associateSystemSku line:49 [ERROR]associateSystemSku -->response Data is wrong!
[2021-08-23 15:31:47,482] parameterConfig.py->paramConfigFunction line:19 [INFO]paramConfigFunction ---->start!
[2021-08-23 15:32:26,154] parameterConfig.py->paramConfigFunction line:19 [INFO]paramConfigFunction ---->start!
[2021-08-23 15:33:34,339] parameterConfig.py->paramConfigFunction line:19 [INFO]paramConfigFunction ---->start!
[2021-08-23 15:33:34,475] parameterConfig.py->paramConfigFunction line:19 [INFO]paramConfigFunction ---->start!
[2021-08-23 15:33:39,982] parameterConfig.py->paramConfigFunction line:19 [INFO]paramConfigFunction ---->start!
[2021-08-23 15:34:02,622] parameterConfig.py->paramConfigFunction line:19 [INFO]paramConfigFunction ---->start!
[2021-08-23 15:34:45,791] parameterConfig.py->paramConfigFunction line:19 [INFO]paramConfigFunction ---->start!
[2021-08-23 15:34:45,937] parameterConfig.py->paramConfigFunction line:19 [INFO]paramConfigFunction ---->start!
[2021-08-23 15:57:46,886] parameterConfigSelect.py->paramConfigQuery line:20 [INFO]paramConfigQuery ---->start!
[2021-08-23 16:01:13,032] parameterConfigSelect.py->paramConfigQuery line:20 [INFO]paramConfigQuery ---->start!
[2021-08-23 16:01:13,032] parameterConfigSelect.py->paramConfigQuery line:20 [INFO]paramConfigQuery ---->start!
[2021-08-23 16:45:30,848] parameterConfigSelect.py->paramConfigQuery line:20 [INFO]paramConfigQuery ---->start!
[2021-08-23 16:45:30,956] cancelDevelopmentInterface.py->cancelDevelopmentFunction line:18 [INFO]cancelDevelopmentFunction ---->start!
[2021-08-23 16:46:22,368] parameterConfigSelect.py->paramConfigQuery line:20 [INFO]paramConfigQuery ---->start!
[2021-08-23 16:46:56,626] cancelDevelopmentInterface.py->cancelDevelopmentFunction line:18 [INFO]cancelDevelopmentFunction ---->start!
[2021-08-23 16:57:43,518] parameterConfigSelect.py->paramConfigQuery line:20 [INFO]paramConfigQuery ---->start!
[2021-08-23 16:57:43,658] cancelDevelopmentInterface.py->cancelDevelopmentFunction line:18 [INFO]cancelDevelopmentFunction ---->start!
[2021-08-23 16:57:53,023] parameterConfigSelect.py->paramConfigQuery line:20 [INFO]paramConfigQuery ---->start!
[2021-08-23 16:59:02,682] cancelDevelopmentInterface.py->cancelDevelopmentFunction line:18 [INFO]cancelDevelopmentFunction ---->start!
[2021-08-23 16:59:11,087] parameterConfigSelect.py->paramConfigQuery line:20 [INFO]paramConfigQuery ---->start!
[2021-08-23 16:59:32,141] cancelDevelopmentInterface.py->cancelDevelopmentFunction line:18 [INFO]cancelDevelopmentFunction ---->start!
[2021-08-23 17:00:15,966] parameterConfigSelect.py->paramConfigQuery line:20 [INFO]paramConfigQuery ---->start!
[2021-08-23 17:00:20,728] cancelDevelopmentInterface.py->cancelDevelopmentFunction line:18 [INFO]cancelDevelopmentFunction ---->start!
[2021-08-23 17:00:59,213] cancelDevelopmentInterface.py->cancelDevelopmentFunction line:47 [ERROR]cancelDevelopmentFunction -->response Data is wrong!
[2021-08-23 17:11:07,658] parameterConfigSelect.py->paramConfigQuery line:20 [INFO]paramConfigQuery ---->start!
[2021-08-23 17:11:07,658] parameterConfigSelect.py->paramConfigQuery line:20 [INFO]paramConfigQuery ---->start!
[2021-08-23 17:11:07,939] cancelDevelopmentInterface.py->cancelDevelopmentFunction line:18 [INFO]cancelDevelopmentFunction ---->start!
[2021-08-23 17:11:14,031] parameterConfigSelect.py->paramConfigQuery line:20 [INFO]paramConfigQuery ---->start!
[2021-08-23 17:11:14,031] parameterConfigSelect.py->paramConfigQuery line:20 [INFO]paramConfigQuery ---->start!
[2021-08-23 17:11:14,277] cancelDevelopmentInterface.py->cancelDevelopmentFunction line:18 [INFO]cancelDevelopmentFunction ---->start!
[2021-08-23 17:11:18,636] parameterConfigSelect.py->paramConfigQuery line:20 [INFO]paramConfigQuery ---->start!
[2021-08-23 17:11:18,636] parameterConfigSelect.py->paramConfigQuery line:20 [INFO]paramConfigQuery ---->start!
[2021-08-23 17:11:18,741] cancelDevelopmentInterface.py->cancelDevelopmentFunction line:18 [INFO]cancelDevelopmentFunction ---->start!
[2021-08-23 17:11:25,155] parameterConfigSelect.py->paramConfigQuery line:20 [INFO]paramConfigQuery ---->start!
[2021-08-23 17:11:25,155] parameterConfigSelect.py->paramConfigQuery line:20 [INFO]paramConfigQuery ---->start!
[2021-08-23 17:11:25,266] cancelDevelopmentInterface.py->cancelDevelopmentFunction line:18 [INFO]cancelDevelopmentFunction ---->start!
[2021-08-23 17:11:25,463] cancelDevelopmentInterface.py->cancelDevelopmentFunction line:47 [ERROR]cancelDevelopmentFunction -->response Data is wrong!
[2021-08-23 17:47:27,370] productGetDijiaInterface.py->productDetDiJia line:21 [INFO]productGenDijia ---->start!
